<?xml version="1.0" encoding="UTF-8"?>
<!-- Generated by org.testng.reporters.JUnitXMLReporter -->
<testsuite ignored="8" hostname="DESKTOP-V39IGI5" failures="0" tests="14" name="Test" time="0.408" errors="0" timestamp="2022-03-07T17:51:02 IST">
  <testcase classname="com.jp.qa.base.BaseClass" name="@BeforeMethod browsersetup" time="0.005">
    <failure type="java.lang.NullPointerException" message="Cannot invoke &amp;quot;org.openqa.selenium.remote.RemoteWebDriver.getCapabilities()&amp;quot; because &amp;quot;com.qa.jp.util.TestUtil.driver&amp;quot; is null">
      <![CDATA[java.lang.NullPointerException: Cannot invoke "org.openqa.selenium.remote.RemoteWebDriver.getCapabilities()" because "com.qa.jp.util.TestUtil.driver" is null
at com.qa.jp.util.TestUtil.CheckBrowserOS(TestUtil.java:21)
at com.jp.qa.base.BaseClass.browsersetup(BaseClass.java:115)
at java.base/java.util.ArrayList.forEach(ArrayList.java:1511)
... Removed 31 stack frames]]>
    </failure>
  </testcase> <!-- @BeforeMethod browsersetup -->
  <testcase classname="com.jp.qa.testcases.HomepageTest" name="@BeforeMethod setup" time="-1.646655661978E9">
    <skipped/>
  </testcase> <!-- @BeforeMethod setup -->
  <testcase classname="com.jp.qa.base.BaseClass" name="@AfterMethod AfterMethod" time="-1.646655662005E9">
    <skipped/>
  </testcase> <!-- @AfterMethod AfterMethod -->
  <testcase classname="com.jp.qa.base.BaseClass" name="@BeforeMethod browsersetup" time="-1.646655662038E9">
    <skipped/>
  </testcase> <!-- @BeforeMethod browsersetup -->
  <testcase classname="com.jp.qa.testcases.HomepageTest" name="@BeforeMethod setup" time="-1.646655662049E9">
    <skipped/>
  </testcase> <!-- @BeforeMethod setup -->
  <testcase classname="com.jp.qa.base.BaseClass" name="@AfterMethod AfterMethod" time="-1.646655662061E9">
    <skipped/>
  </testcase> <!-- @AfterMethod AfterMethod -->
  <testcase classname="com.jp.qa.base.BaseClass" name="@BeforeMethod browsersetup" time="-1.646655662066E9">
    <skipped/>
  </testcase> <!-- @BeforeMethod browsersetup -->
  <testcase classname="com.jp.qa.testcases.HomepageTest" name="@BeforeMethod setup" time="-1.646655662072E9">
    <skipped/>
  </testcase> <!-- @BeforeMethod setup -->
  <testcase classname="com.jp.qa.base.BaseClass" name="@AfterMethod AfterMethod" time="-1.64665566208E9">
    <skipped/>
  </testcase> <!-- @AfterMethod AfterMethod -->
  <testcase classname="com.jp.qa.base.BaseClass" name="@BeforeMethod browsersetup" time="-1.646655662086E9">
    <skipped/>
  </testcase> <!-- @BeforeMethod browsersetup -->
  <testcase classname="com.jp.qa.testcases.HomepageTest" name="@BeforeMethod setup" time="-1.646655662089E9">
    <skipped/>
  </testcase> <!-- @BeforeMethod setup -->
  <testcase classname="com.jp.qa.base.BaseClass" name="@AfterMethod AfterMethod" time="-1.646655662097E9">
    <skipped/>
  </testcase> <!-- @AfterMethod AfterMethod -->
  <testcase classname="com.jp.qa.base.BaseClass" name="@BeforeMethod browsersetup" time="0.001">
    <failure type="java.lang.NullPointerException" message="Cannot invoke &amp;quot;org.openqa.selenium.remote.RemoteWebDriver.getCapabilities()&amp;quot; because &amp;quot;com.qa.jp.util.TestUtil.driver&amp;quot; is null">
      <![CDATA[java.lang.NullPointerException: Cannot invoke "org.openqa.selenium.remote.RemoteWebDriver.getCapabilities()" because "com.qa.jp.util.TestUtil.driver" is null
at com.qa.jp.util.TestUtil.CheckBrowserOS(TestUtil.java:21)
at com.jp.qa.base.BaseClass.browsersetup(BaseClass.java:115)
at java.base/java.util.ArrayList.forEach(ArrayList.java:1511)
... Removed 31 stack frames]]>
    </failure>
  </testcase> <!-- @BeforeMethod browsersetup -->
  <testcase classname="com.jp.qa.testcases.PackagelistingTest" name="@BeforeMethod setup" time="-1.646655662102E9">
    <skipped/>
  </testcase> <!-- @BeforeMethod setup -->
  <testcase classname="com.jp.qa.base.BaseClass" name="@AfterMethod AfterMethod" time="-1.646655662107E9">
    <skipped/>
  </testcase> <!-- @AfterMethod AfterMethod -->
  <testcase classname="com.jp.qa.base.BaseClass" name="@BeforeMethod browsersetup" time="-1.646655662108E9">
    <skipped/>
  </testcase> <!-- @BeforeMethod browsersetup -->
  <testcase classname="com.jp.qa.testcases.PackagelistingTest" name="@BeforeMethod setup" time="-1.64665566211E9">
    <skipped/>
  </testcase> <!-- @BeforeMethod setup -->
  <testcase classname="com.jp.qa.base.BaseClass" name="@AfterMethod AfterMethod" time="-1.646655662115E9">
    <skipped/>
  </testcase> <!-- @AfterMethod AfterMethod -->
  <testcase classname="com.jp.qa.base.BaseClass" name="@BeforeMethod browsersetup" time="0.002">
    <failure type="java.lang.NullPointerException" message="Cannot invoke &amp;quot;org.openqa.selenium.remote.RemoteWebDriver.getCapabilities()&amp;quot; because &amp;quot;com.qa.jp.util.TestUtil.driver&amp;quot; is null">
      <![CDATA[java.lang.NullPointerException: Cannot invoke "org.openqa.selenium.remote.RemoteWebDriver.getCapabilities()" because "com.qa.jp.util.TestUtil.driver" is null
at com.qa.jp.util.TestUtil.CheckBrowserOS(TestUtil.java:21)
at com.jp.qa.base.BaseClass.browsersetup(BaseClass.java:115)
at java.base/java.util.ArrayList.forEach(ArrayList.java:1511)
... Removed 31 stack frames]]>
    </failure>
  </testcase> <!-- @BeforeMethod browsersetup -->
  <testcase classname="com.jp.qa.testcases.CutomizedpopupTest" name="@BeforeMethod setup" time="-1.64665566213E9">
    <skipped/>
  </testcase> <!-- @BeforeMethod setup -->
  <testcase classname="com.jp.qa.base.BaseClass" name="@AfterMethod AfterMethod" time="-1.64665566216E9">
    <skipped/>
  </testcase> <!-- @AfterMethod AfterMethod -->
  <testcase classname="com.jp.qa.base.BaseClass" name="@BeforeMethod browsersetup" time="-1.646655662168E9">
    <skipped/>
  </testcase> <!-- @BeforeMethod browsersetup -->
  <testcase classname="com.jp.qa.testcases.CutomizedpopupTest" name="@BeforeMethod setup" time="-1.646655662174E9">
    <skipped/>
  </testcase> <!-- @BeforeMethod setup -->
  <testcase classname="com.jp.qa.base.BaseClass" name="@AfterMethod AfterMethod" time="-1.646655662183E9">
    <skipped/>
  </testcase> <!-- @AfterMethod AfterMethod -->
  <testcase classname="com.jp.qa.base.BaseClass" name="@BeforeMethod browsersetup" time="0.001">
    <failure type="java.lang.NullPointerException" message="Cannot invoke &amp;quot;org.openqa.selenium.remote.RemoteWebDriver.getCapabilities()&amp;quot; because &amp;quot;com.qa.jp.util.TestUtil.driver&amp;quot; is null">
      <![CDATA[java.lang.NullPointerException: Cannot invoke "org.openqa.selenium.remote.RemoteWebDriver.getCapabilities()" because "com.qa.jp.util.TestUtil.driver" is null
at com.qa.jp.util.TestUtil.CheckBrowserOS(TestUtil.java:21)
at com.jp.qa.base.BaseClass.browsersetup(BaseClass.java:115)
at java.base/java.util.ArrayList.forEach(ArrayList.java:1511)
... Removed 31 stack frames]]>
    </failure>
  </testcase> <!-- @BeforeMethod browsersetup -->
  <testcase classname="com.jp.qa.testcases.PackageDetailPageTest" name="@BeforeMethod setup" time="-1.64665566219E9">
    <skipped/>
  </testcase> <!-- @BeforeMethod setup -->
  <testcase classname="com.jp.qa.base.BaseClass" name="@AfterMethod AfterMethod" time="-1.646655662208E9">
    <skipped/>
  </testcase> <!-- @AfterMethod AfterMethod -->
  <testcase classname="com.jp.qa.base.BaseClass" name="@BeforeMethod browsersetup" time="-1.646655662218E9">
    <skipped/>
  </testcase> <!-- @BeforeMethod browsersetup -->
  <testcase classname="com.jp.qa.testcases.PackageDetailPageTest" name="@BeforeMethod setup" time="-1.646655662222E9">
    <skipped/>
  </testcase> <!-- @BeforeMethod setup -->
  <testcase classname="com.jp.qa.base.BaseClass" name="@AfterMethod AfterMethod" time="-1.646655662233E9">
    <skipped/>
  </testcase> <!-- @AfterMethod AfterMethod -->
  <testcase classname="com.jp.qa.base.BaseClass" name="@BeforeMethod browsersetup" time="0.0">
    <failure type="java.lang.NullPointerException" message="Cannot invoke &amp;quot;org.openqa.selenium.remote.RemoteWebDriver.getCapabilities()&amp;quot; because &amp;quot;com.qa.jp.util.TestUtil.driver&amp;quot; is null">
      <![CDATA[java.lang.NullPointerException: Cannot invoke "org.openqa.selenium.remote.RemoteWebDriver.getCapabilities()" because "com.qa.jp.util.TestUtil.driver" is null
at com.qa.jp.util.TestUtil.CheckBrowserOS(TestUtil.java:21)
at com.jp.qa.base.BaseClass.browsersetup(BaseClass.java:115)
at java.base/java.util.ArrayList.forEach(ArrayList.java:1511)
... Removed 31 stack frames]]>
    </failure>
  </testcase> <!-- @BeforeMethod browsersetup -->
  <testcase classname="com.jp.qa.testcases.ChangeHotelPopupsTest" name="@BeforeMethod setup" time="-1.646655662241E9">
    <skipped/>
  </testcase> <!-- @BeforeMethod setup -->
  <testcase classname="com.jp.qa.base.BaseClass" name="@AfterMethod AfterMethod" time="-1.646655662249E9">
    <skipped/>
  </testcase> <!-- @AfterMethod AfterMethod -->
  <testcase classname="com.jp.qa.base.BaseClass" name="@BeforeMethod browsersetup" time="-1.646655662274E9">
    <skipped/>
  </testcase> <!-- @BeforeMethod browsersetup -->
  <testcase classname="com.jp.qa.testcases.ChangeHotelPopupsTest" name="@BeforeMethod setup" time="-1.646655662274E9">
    <skipped/>
  </testcase> <!-- @BeforeMethod setup -->
  <testcase classname="com.jp.qa.base.BaseClass" name="@AfterMethod AfterMethod" time="-1.646655662283E9">
    <skipped/>
  </testcase> <!-- @AfterMethod AfterMethod -->
  <testcase classname="com.jp.qa.base.BaseClass" name="@BeforeMethod browsersetup" time="-1.646655662284E9">
    <skipped/>
  </testcase> <!-- @BeforeMethod browsersetup -->
  <testcase classname="com.jp.qa.testcases.ChangeHotelPopupsTest" name="@BeforeMethod setup" time="-1.646655662287E9">
    <skipped/>
  </testcase> <!-- @BeforeMethod setup -->
  <testcase classname="com.jp.qa.base.BaseClass" name="@AfterMethod AfterMethod" time="-1.646655662294E9">
    <skipped/>
  </testcase> <!-- @AfterMethod AfterMethod -->
  <testcase classname="com.jp.qa.base.BaseClass" name="@BeforeMethod browsersetup" time="-1.6466556623E9">
    <skipped/>
  </testcase> <!-- @BeforeMethod browsersetup -->
  <testcase classname="com.jp.qa.testcases.ChangeHotelPopupsTest" name="@BeforeMethod setup" time="-1.646655662301E9">
    <skipped/>
  </testcase> <!-- @BeforeMethod setup -->
  <testcase classname="com.jp.qa.base.BaseClass" name="@AfterMethod AfterMethod" time="-1.646655662309E9">
    <skipped/>
  </testcase> <!-- @AfterMethod AfterMethod -->
  <testcase classname="com.jp.qa.base.BaseClass" name="@AfterTest flush" time="-1.646655662312E9">
    <skipped/>
  </testcase> <!-- @AfterTest flush -->
  <testcase classname="com.jp.qa.testcases.HomepageTest" name="homePageTitleTest" time="0.0">
    <skipped/>
  </testcase> <!-- homePageTitleTest -->
  <testcase classname="com.jp.qa.testcases.HomepageTest" name="blanksearch" time="0.0">
    <skipped/>
  </testcase> <!-- blanksearch -->
  <testcase classname="com.jp.qa.testcases.HomepageTest" name="searchTestWithoutFlight" time="0.0">
    <skipped/>
  </testcase> <!-- searchTestWithoutFlight -->
  <testcase classname="com.jp.qa.testcases.HomepageTest" name="searchTestWithFlight" time="0.0">
    <skipped/>
  </testcase> <!-- searchTestWithFlight -->
  <testcase classname="com.jp.qa.testcases.PackagelistingTest" name="customizedpopup_redirectwithoutflight" time="0.001">
    <skipped/>
  </testcase> <!-- customizedpopup_redirectwithoutflight -->
  <testcase classname="com.jp.qa.testcases.PackagelistingTest" name="customizedpopup_redirectwithflight" time="0.0">
    <skipped/>
  </testcase> <!-- customizedpopup_redirectwithflight -->
  <testcase classname="com.jp.qa.testcases.CutomizedpopupTest" name="withoutflight_poptest" time="0.0">
    <skipped/>
  </testcase> <!-- withoutflight_poptest -->
  <testcase classname="com.jp.qa.testcases.CutomizedpopupTest" name="withflight_poptest" time="0.0">
    <skipped/>
  </testcase> <!-- withflight_poptest -->
  <testcase classname="com.jp.qa.testcases.PackageDetailPageTest" name="guestroomDropdown" time="0.0">
    <skipped/>
  </testcase> <!-- guestroomDropdown -->
  <testcase classname="com.jp.qa.testcases.PackageDetailPageTest" name="hotelPopup" time="0.0">
    <skipped/>
  </testcase> <!-- hotelPopup -->
  <testcase classname="com.jp.qa.testcases.ChangeHotelPopupsTest" name="withoutflight_changeHotel" time="0.0">
    <skipped/>
  </testcase> <!-- withoutflight_changeHotel -->
  <testcase classname="com.jp.qa.testcases.ChangeHotelPopupsTest" name="withflight_changeHotel" time="0.0">
    <skipped/>
  </testcase> <!-- withflight_changeHotel -->
  <testcase classname="com.jp.qa.testcases.ChangeHotelPopupsTest" name="withoutflight_crossbtn" time="0.0">
    <skipped/>
  </testcase> <!-- withoutflight_crossbtn -->
  <testcase classname="com.jp.qa.testcases.ChangeHotelPopupsTest" name="withflight_crossbtn" time="0.0">
    <skipped/>
  </testcase> <!-- withflight_crossbtn -->
  <testcase classname="com.jp.qa.base.BaseClass" name="@BeforeSuite extendreport" time="0.0">
    <ignored/>
  </testcase> <!-- @BeforeSuite extendreport -->
  <testcase classname="com.jp.qa.base.BaseClass" name="@BeforeSuite extendreport" time="0.0">
    <ignored/>
  </testcase> <!-- @BeforeSuite extendreport -->
  <testcase classname="com.jp.qa.base.BaseClass" name="@BeforeSuite extendreport" time="0.0">
    <ignored/>
  </testcase> <!-- @BeforeSuite extendreport -->
  <testcase classname="com.jp.qa.base.BaseClass" name="@BeforeSuite extendreport" time="0.0">
    <ignored/>
  </testcase> <!-- @BeforeSuite extendreport -->
  <testcase classname="com.jp.qa.base.BaseClass" name="@AfterTest flush" time="0.0">
    <ignored/>
  </testcase> <!-- @AfterTest flush -->
  <testcase classname="com.jp.qa.base.BaseClass" name="@AfterTest flush" time="0.0">
    <ignored/>
  </testcase> <!-- @AfterTest flush -->
  <testcase classname="com.jp.qa.base.BaseClass" name="@AfterTest flush" time="0.0">
    <ignored/>
  </testcase> <!-- @AfterTest flush -->
  <testcase classname="com.jp.qa.base.BaseClass" name="@AfterTest flush" time="0.0">
    <ignored/>
  </testcase> <!-- @AfterTest flush -->
</testsuite> <!-- Test -->
